
*** Running vivado
    with args -log lab3.vds -m64 -product Vivado -mode batch -messageDb vivado.pb -notrace -source lab3.tcl



****** Vivado v2023.1 (64-bit)
  **** SW Build 3865809 on Sun May  7 15:05:29 MDT 2023
  **** IP Build 3864474 on Sun May  7 20:36:21 MDT 2023
  **** SharedData Build 3865790 on Sun May 07 13:33:03 MDT 2023
    ** Copyright 1986-2022 Xilinx, Inc. All Rights Reserved.
    ** Copyright 2022-2023 Advanced Micro Devices, Inc. All Rights Reserved.

source lab3.tcl -notrace
Command: read_checkpoint -auto_incremental -incremental C:/Users/usuario_local/Downloads/DAS_labs/projects/lab3/lab3.srcs/utils_1/imports/synth_1/lab3.dcp
INFO: [Vivado 12-5825] Read reference checkpoint from C:/Users/usuario_local/Downloads/DAS_labs/projects/lab3/lab3.srcs/utils_1/imports/synth_1/lab3.dcp for incremental synthesis
INFO: [Vivado 12-7989] Please ensure there are no constraint changes
Command: synth_design -top lab3 -part xc7a35tcpg236-1
Starting synth_design
Attempting to get a license for feature 'Synthesis' and/or device 'xc7a35t'
INFO: [Common 17-349] Got license for feature 'Synthesis' and/or device 'xc7a35t'
INFO: [Device 21-403] Loading part xc7a35tcpg236-1
INFO: [Designutils 20-5440] No compile time benefit to using incremental synthesis; A full resynthesis will be run
INFO: [Designutils 20-4379] Flow is switching to default flow due to incremental criteria not met. If you would like to alter this behaviour and have the flow terminate instead, please set the following parameter config_implementation {autoIncr.Synth.RejectBehavior Terminate}
INFO: [Synth 8-7079] Multithreading enabled for synth_design using a maximum of 2 processes.
INFO: [Synth 8-7078] Launching helper process for spawning children vivado processes
INFO: [Synth 8-7075] Helper process launched with PID 15748
---------------------------------------------------------------------------------
Starting RTL Elaboration : Time (s): cpu = 00:00:02 ; elapsed = 00:00:03 . Memory (MB): peak = 2728.094 ; gain = 411.664
---------------------------------------------------------------------------------
INFO: [Synth 8-638] synthesizing module 'lab3' [C:/Users/usuario_local/Downloads/DAS_labs/source/lab3/lab3.vhd:38]
	Parameter STAGES bound to: 2 - type: integer 
	Parameter XPOL bound to: 1'b0 
INFO: [Synth 8-3491] module 'asyncRstSynchronizer' declared at 'C:/Users/usuario_local/Downloads/DAS_labs/source/common/asyncRstSynchronizer.vhd:22' bound to instance 'resetSyncronizer' of component 'asyncRstSynchronizer' [C:/Users/usuario_local/Downloads/DAS_labs/source/lab3/lab3.vhd:66]
INFO: [Synth 8-638] synthesizing module 'asyncRstSynchronizer' [C:/Users/usuario_local/Downloads/DAS_labs/source/common/asyncRstSynchronizer.vhd:38]
	Parameter STAGES bound to: 2 - type: integer 
	Parameter XPOL bound to: 1'b0 
	Parameter STAGES bound to: 2 - type: integer 
	Parameter XPOL bound to: 1'b1 
INFO: [Synth 8-3491] module 'synchronizer' declared at 'C:/Users/usuario_local/Downloads/DAS_labs/source/common/synchronizer.vhd:21' bound to instance 'rstSynchronizer' of component 'synchronizer' [C:/Users/usuario_local/Downloads/DAS_labs/source/common/asyncRstSynchronizer.vhd:44]
INFO: [Synth 8-638] synthesizing module 'synchronizer' [C:/Users/usuario_local/Downloads/DAS_labs/source/common/synchronizer.vhd:35]
	Parameter STAGES bound to: 2 - type: integer 
	Parameter XPOL bound to: 1'b1 
INFO: [Synth 8-256] done synthesizing module 'synchronizer' (0#1) [C:/Users/usuario_local/Downloads/DAS_labs/source/common/synchronizer.vhd:35]
INFO: [Synth 8-256] done synthesizing module 'asyncRstSynchronizer' (0#1) [C:/Users/usuario_local/Downloads/DAS_labs/source/common/asyncRstSynchronizer.vhd:38]
	Parameter FREQ_KHZ bound to: 100000 - type: integer 
	Parameter MULTIPLY bound to: 1 - type: integer 
	Parameter DIVIDE bound to: 10 - type: integer 
INFO: [Synth 8-3491] module 'freqSynthesizer' declared at 'C:/Users/usuario_local/Downloads/DAS_labs/source/common/freqSynthesizer.vhd:21' bound to instance 'clkGenerator' of component 'freqSynthesizer' [C:/Users/usuario_local/Downloads/DAS_labs/source/lab3/lab3.vhd:70]
INFO: [Synth 8-638] synthesizing module 'freqSynthesizer' [C:/Users/usuario_local/Downloads/DAS_labs/source/common/freqSynthesizer.vhd:39]
	Parameter FREQ_KHZ bound to: 100000 - type: integer 
	Parameter MULTIPLY bound to: 1 - type: integer 
	Parameter DIVIDE bound to: 10 - type: integer 
	Parameter BANDWIDTH bound to: OPTIMIZED - type: string 
	Parameter CLKFBOUT_MULT bound to: 8 - type: integer 
	Parameter CLKFBOUT_PHASE bound to: 0.000000 - type: double 
	Parameter CLKIN1_PERIOD bound to: 10.000000 - type: double 
	Parameter CLKOUT0_DIVIDE bound to: 80 - type: integer 
	Parameter CLKOUT0_DUTY_CYCLE bound to: 0.500000 - type: double 
	Parameter CLKOUT0_PHASE bound to: 0.000000 - type: double 
	Parameter CLKOUT1_DIVIDE bound to: 1 - type: integer 
	Parameter CLKOUT1_DUTY_CYCLE bound to: 0.500000 - type: double 
	Parameter CLKOUT1_PHASE bound to: 0.000000 - type: double 
	Parameter CLKOUT2_DIVIDE bound to: 1 - type: integer 
	Parameter CLKOUT2_DUTY_CYCLE bound to: 0.500000 - type: double 
	Parameter CLKOUT2_PHASE bound to: 0.000000 - type: double 
	Parameter CLKOUT3_DIVIDE bound to: 1 - type: integer 
	Parameter CLKOUT3_DUTY_CYCLE bound to: 0.500000 - type: double 
	Parameter CLKOUT3_PHASE bound to: 0.000000 - type: double 
	Parameter CLKOUT4_DIVIDE bound to: 1 - type: integer 
	Parameter CLKOUT4_DUTY_CYCLE bound to: 0.500000 - type: double 
	Parameter CLKOUT4_PHASE bound to: 0.000000 - type: double 
	Parameter CLKOUT5_DIVIDE bound to: 1 - type: integer 
	Parameter CLKOUT5_DUTY_CYCLE bound to: 0.500000 - type: double 
	Parameter CLKOUT5_PHASE bound to: 0.000000 - type: double 
	Parameter DIVCLK_DIVIDE bound to: 1 - type: integer 
	Parameter REF_JITTER1 bound to: 0.000000 - type: double 
	Parameter STARTUP_WAIT bound to: FALSE - type: string 
INFO: [Synth 8-113] binding component instance 'clockManager' to cell 'PLLE2_BASE' [C:/Users/usuario_local/Downloads/DAS_labs/source/common/freqSynthesizer.vhd:48]
INFO: [Synth 8-256] done synthesizing module 'freqSynthesizer' (0#1) [C:/Users/usuario_local/Downloads/DAS_labs/source/common/freqSynthesizer.vhd:39]
	Parameter STAGES bound to: 2 - type: integer 
	Parameter XPOL bound to: 1'b0 
INFO: [Synth 8-3491] module 'synchronizer' declared at 'C:/Users/usuario_local/Downloads/DAS_labs/source/common/synchronizer.vhd:21' bound to instance 'coinSynchronizer' of component 'synchronizer' [C:/Users/usuario_local/Downloads/DAS_labs/source/lab3/lab3.vhd:75]
INFO: [Synth 8-638] synthesizing module 'synchronizer__parameterized1' [C:/Users/usuario_local/Downloads/DAS_labs/source/common/synchronizer.vhd:35]
	Parameter STAGES bound to: 2 - type: integer 
	Parameter XPOL bound to: 1'b0 
INFO: [Synth 8-256] done synthesizing module 'synchronizer__parameterized1' (0#1) [C:/Users/usuario_local/Downloads/DAS_labs/source/common/synchronizer.vhd:35]
	Parameter FREQ_KHZ bound to: 10000 - type: integer 
	Parameter BOUNCE_MS bound to: 50 - type: integer 
	Parameter XPOL bound to: 1'b0 
INFO: [Synth 8-3491] module 'debouncer' declared at 'C:/Users/usuario_local/Downloads/DAS_labs/source/common/debouncer.vhd:21' bound to instance 'coinDebouncer' of component 'debouncer' [C:/Users/usuario_local/Downloads/DAS_labs/source/lab3/lab3.vhd:79]
INFO: [Synth 8-638] synthesizing module 'debouncer' [C:/Users/usuario_local/Downloads/DAS_labs/source/common/debouncer.vhd:39]
	Parameter FREQ_KHZ bound to: 10000 - type: integer 
	Parameter BOUNCE_MS bound to: 50 - type: integer 
	Parameter XPOL bound to: 1'b0 
INFO: [Synth 8-256] done synthesizing module 'debouncer' (0#1) [C:/Users/usuario_local/Downloads/DAS_labs/source/common/debouncer.vhd:39]
	Parameter XPOL bound to: 1'b0 
INFO: [Synth 8-3491] module 'edgeDetector' declared at 'C:/Users/usuario_local/Downloads/DAS_labs/source/common/edgedetector.vhd:21' bound to instance 'coinEdgeDetector' of component 'edgeDetector' [C:/Users/usuario_local/Downloads/DAS_labs/source/lab3/lab3.vhd:84]
INFO: [Synth 8-638] synthesizing module 'edgeDetector' [C:/Users/usuario_local/Downloads/DAS_labs/source/common/edgedetector.vhd:35]
	Parameter XPOL bound to: 1'b0 
INFO: [Synth 8-256] done synthesizing module 'edgeDetector' (0#1) [C:/Users/usuario_local/Downloads/DAS_labs/source/common/edgedetector.vhd:35]
	Parameter STAGES bound to: 2 - type: integer 
	Parameter XPOL bound to: 1'b0 
INFO: [Synth 8-3491] module 'synchronizer' declared at 'C:/Users/usuario_local/Downloads/DAS_labs/source/common/synchronizer.vhd:21' bound to instance 'goSynchronizer' of component 'synchronizer' [C:/Users/usuario_local/Downloads/DAS_labs/source/lab3/lab3.vhd:90]
	Parameter FREQ_KHZ bound to: 10000 - type: integer 
	Parameter BOUNCE_MS bound to: 50 - type: integer 
	Parameter XPOL bound to: 1'b0 
INFO: [Synth 8-3491] module 'debouncer' declared at 'C:/Users/usuario_local/Downloads/DAS_labs/source/common/debouncer.vhd:21' bound to instance 'goDebouncer' of component 'debouncer' [C:/Users/usuario_local/Downloads/DAS_labs/source/lab3/lab3.vhd:94]
	Parameter XPOL bound to: 1'b0 
INFO: [Synth 8-3491] module 'edgeDetector' declared at 'C:/Users/usuario_local/Downloads/DAS_labs/source/common/edgedetector.vhd:21' bound to instance 'goEdgeDetector' of component 'edgeDetector' [C:/Users/usuario_local/Downloads/DAS_labs/source/lab3/lab3.vhd:98]
	Parameter FREQ_KHZ bound to: 10000 - type: integer 
	Parameter SIZE bound to: 4 - type: integer 
INFO: [Synth 8-3491] module 'segsBankRefresher' declared at 'C:/Users/usuario_local/Downloads/DAS_labs/source/common/segsBankRefresher.vhd:21' bound to instance 'displayInterface' of component 'segsBankRefresher' [C:/Users/usuario_local/Downloads/DAS_labs/source/lab3/lab3.vhd:219]
INFO: [Synth 8-638] synthesizing module 'segsBankRefresher' [C:/Users/usuario_local/Downloads/DAS_labs/source/common/segsBankRefresher.vhd:42]
	Parameter FREQ_KHZ bound to: 10000 - type: integer 
	Parameter SIZE bound to: 4 - type: integer 
WARNING: [Synth 8-614] signal 'index' is read in the process but is not in the sensitivity list [C:/Users/usuario_local/Downloads/DAS_labs/source/common/segsBankRefresher.vhd:59]
INFO: [Synth 8-3491] module 'bin2segs' declared at 'C:/Users/usuario_local/Downloads/DAS_labs/source/common/bin2segs.vhd:3' bound to instance 'converter' of component 'bin2segs' [C:/Users/usuario_local/Downloads/DAS_labs/source/common/segsBankRefresher.vhd:74]
INFO: [Synth 8-638] synthesizing module 'bin2segs' [C:/Users/usuario_local/Downloads/DAS_labs/source/common/bin2segs.vhd:13]
INFO: [Synth 8-226] default block is never used [C:/Users/usuario_local/Downloads/DAS_labs/source/common/bin2segs.vhd:17]
INFO: [Synth 8-256] done synthesizing module 'bin2segs' (0#1) [C:/Users/usuario_local/Downloads/DAS_labs/source/common/bin2segs.vhd:13]
INFO: [Synth 8-256] done synthesizing module 'segsBankRefresher' (0#1) [C:/Users/usuario_local/Downloads/DAS_labs/source/common/segsBankRefresher.vhd:42]
INFO: [Synth 8-256] done synthesizing module 'lab3' (0#1) [C:/Users/usuario_local/Downloads/DAS_labs/source/lab3/lab3.vhd:38]
---------------------------------------------------------------------------------
Finished RTL Elaboration : Time (s): cpu = 00:00:03 ; elapsed = 00:00:03 . Memory (MB): peak = 2820.168 ; gain = 503.738
---------------------------------------------------------------------------------
---------------------------------------------------------------------------------
Start Handling Custom Attributes
---------------------------------------------------------------------------------
---------------------------------------------------------------------------------
Finished Handling Custom Attributes : Time (s): cpu = 00:00:03 ; elapsed = 00:00:03 . Memory (MB): peak = 2838.086 ; gain = 521.656
---------------------------------------------------------------------------------
---------------------------------------------------------------------------------
Finished RTL Optimization Phase 1 : Time (s): cpu = 00:00:03 ; elapsed = 00:00:03 . Memory (MB): peak = 2838.086 ; gain = 521.656
---------------------------------------------------------------------------------
Netlist sorting complete. Time (s): cpu = 00:00:00 ; elapsed = 00:00:00.001 . Memory (MB): peak = 2850.141 ; gain = 0.000
INFO: [Netlist 29-17] Analyzing 1 Unisim elements for replacement
INFO: [Netlist 29-28] Unisim Transformation completed in 0 CPU seconds
INFO: [Project 1-570] Preparing netlist for logic optimization

Processing XDC Constraints
Initializing timing engine
Parsing XDC File [C:/Users/usuario_local/Downloads/DAS_labs/source/lab3/lab3.xdc]
Finished Parsing XDC File [C:/Users/usuario_local/Downloads/DAS_labs/source/lab3/lab3.xdc]
INFO: [Project 1-236] Implementation specific constraints were found while reading constraint file [C:/Users/usuario_local/Downloads/DAS_labs/source/lab3/lab3.xdc]. These constraints will be ignored for synthesis but will be used in implementation. Impacted constraints are listed in the file [.Xil/lab3_propImpl.xdc].
Resolution: To avoid this warning, move constraints listed in [.Xil/lab3_propImpl.xdc] to another XDC file and exclude this new file from synthesis with the used_in_synthesis property (File Properties dialog in GUI) and re-run elaboration/synthesis.
INFO: [Timing 38-2] Deriving generated clocks
Completed Processing XDC Constraints

Netlist sorting complete. Time (s): cpu = 00:00:00 ; elapsed = 00:00:00.001 . Memory (MB): peak = 2950.789 ; gain = 0.000
INFO: [Project 1-111] Unisim Transformation Summary:
  A total of 1 instances were transformed.
  PLLE2_BASE => PLLE2_ADV: 1 instance 

Constraint Validation Runtime : Time (s): cpu = 00:00:00 ; elapsed = 00:00:00.001 . Memory (MB): peak = 2950.789 ; gain = 0.000
INFO: [Designutils 20-5440] No compile time benefit to using incremental synthesis; A full resynthesis will be run
INFO: [Designutils 20-4379] Flow is switching to default flow due to incremental criteria not met. If you would like to alter this behaviour and have the flow terminate instead, please set the following parameter config_implementation {autoIncr.Synth.RejectBehavior Terminate}
---------------------------------------------------------------------------------
Finished Constraint Validation : Time (s): cpu = 00:00:07 ; elapsed = 00:00:07 . Memory (MB): peak = 2950.789 ; gain = 634.359
---------------------------------------------------------------------------------
---------------------------------------------------------------------------------
Start Loading Part and Timing Information
---------------------------------------------------------------------------------
Loading part: xc7a35tcpg236-1
---------------------------------------------------------------------------------
Finished Loading Part and Timing Information : Time (s): cpu = 00:00:07 ; elapsed = 00:00:07 . Memory (MB): peak = 2950.789 ; gain = 634.359
---------------------------------------------------------------------------------
---------------------------------------------------------------------------------
Start Applying 'set_property' XDC Constraints
---------------------------------------------------------------------------------
---------------------------------------------------------------------------------
Finished applying 'set_property' XDC Constraints : Time (s): cpu = 00:00:07 ; elapsed = 00:00:07 . Memory (MB): peak = 2950.789 ; gain = 634.359
---------------------------------------------------------------------------------
INFO: [Synth 8-802] inferred FSM for state register 'fsm.state_reg' in module 'debouncer'
INFO: [Synth 8-802] inferred FSM for state register 'fsm.state_reg' in module 'lab3'
---------------------------------------------------------------------------------------------------
                   State |                     New Encoding |                Previous Encoding 
---------------------------------------------------------------------------------------------------
          waitingkeydown |                               00 |                               00
       keydowndebouncing |                               01 |                               01
            waitingkeyup |                               10 |                               10
         keyupdebouncing |                               11 |                               11
---------------------------------------------------------------------------------------------------
INFO: [Synth 8-3354] encoded FSM with state register 'fsm.state_reg' using encoding 'sequential' in module 'debouncer'
---------------------------------------------------------------------------------------------------
                   State |                     New Encoding |                Previous Encoding 
---------------------------------------------------------------------------------------------------
                 initial |                            00001 |                              000
                      s1 |                            00010 |                              001
                      s2 |                            00100 |                              010
                      s3 |                            01000 |                              011
                  reward |                            10000 |                              100
---------------------------------------------------------------------------------------------------
INFO: [Synth 8-3354] encoded FSM with state register 'fsm.state_reg' using encoding 'one-hot' in module 'lab3'
---------------------------------------------------------------------------------
Finished RTL Optimization Phase 2 : Time (s): cpu = 00:00:07 ; elapsed = 00:00:08 . Memory (MB): peak = 2950.789 ; gain = 634.359
---------------------------------------------------------------------------------
---------------------------------------------------------------------------------
Start RTL Component Statistics 
---------------------------------------------------------------------------------
Detailed RTL Component Info : 
+---Adders : 
	   2 Input   19 Bit       Adders := 3     
	   2 Input   16 Bit       Adders := 1     
	   2 Input    4 Bit       Adders := 4     
	   2 Input    2 Bit       Adders := 1     
+---Registers : 
	               19 Bit    Registers := 2     
	               16 Bit    Registers := 1     
	                4 Bit    Registers := 4     
	                2 Bit    Registers := 6     
	                1 Bit    Registers := 3     
+---Muxes : 
	   2 Input   19 Bit        Muxes := 2     
	   2 Input   15 Bit        Muxes := 2     
	   2 Input    8 Bit        Muxes := 1     
	   5 Input    5 Bit        Muxes := 1     
	   2 Input    5 Bit        Muxes := 4     
	   4 Input    4 Bit        Muxes := 1     
	   2 Input    4 Bit        Muxes := 3     
	   2 Input    3 Bit        Muxes := 2     
	   5 Input    3 Bit        Muxes := 1     
	   4 Input    2 Bit        Muxes := 2     
	   2 Input    2 Bit        Muxes := 9     
	   4 Input    1 Bit        Muxes := 4     
	   2 Input    1 Bit        Muxes := 3     
	   5 Input    1 Bit        Muxes := 1     
---------------------------------------------------------------------------------
Finished RTL Component Statistics 
---------------------------------------------------------------------------------
---------------------------------------------------------------------------------
Start Part Resource Summary
---------------------------------------------------------------------------------
Part Resources:
DSPs: 90 (col length:60)
BRAMs: 100 (col length: RAMB18 60 RAMB36 30)
---------------------------------------------------------------------------------
Finished Part Resource Summary
---------------------------------------------------------------------------------
---------------------------------------------------------------------------------
Start Cross Boundary and Area Optimization
---------------------------------------------------------------------------------
WARNING: [Synth 8-7080] Parallel synthesis criteria is not met
---------------------------------------------------------------------------------
Finished Cross Boundary and Area Optimization : Time (s): cpu = 00:00:08 ; elapsed = 00:00:09 . Memory (MB): peak = 2950.789 ; gain = 634.359
---------------------------------------------------------------------------------
---------------------------------------------------------------------------------
Start Applying XDC Timing Constraints
---------------------------------------------------------------------------------
---------------------------------------------------------------------------------
Finished Applying XDC Timing Constraints : Time (s): cpu = 00:00:11 ; elapsed = 00:00:12 . Memory (MB): peak = 2950.789 ; gain = 634.359
---------------------------------------------------------------------------------
---------------------------------------------------------------------------------
Start Timing Optimization
---------------------------------------------------------------------------------
---------------------------------------------------------------------------------
Finished Timing Optimization : Time (s): cpu = 00:00:11 ; elapsed = 00:00:12 . Memory (MB): peak = 2950.789 ; gain = 634.359
---------------------------------------------------------------------------------
---------------------------------------------------------------------------------
Start Technology Mapping
---------------------------------------------------------------------------------
---------------------------------------------------------------------------------
Finished Technology Mapping : Time (s): cpu = 00:00:11 ; elapsed = 00:00:12 . Memory (MB): peak = 2950.789 ; gain = 634.359
---------------------------------------------------------------------------------
---------------------------------------------------------------------------------
Start IO Insertion
---------------------------------------------------------------------------------
---------------------------------------------------------------------------------
Start Flattening Before IO Insertion
---------------------------------------------------------------------------------
---------------------------------------------------------------------------------
Finished Flattening Before IO Insertion
---------------------------------------------------------------------------------
---------------------------------------------------------------------------------
Start Final Netlist Cleanup
---------------------------------------------------------------------------------
---------------------------------------------------------------------------------
Finished Final Netlist Cleanup
---------------------------------------------------------------------------------
---------------------------------------------------------------------------------
Finished IO Insertion : Time (s): cpu = 00:00:13 ; elapsed = 00:00:14 . Memory (MB): peak = 2950.789 ; gain = 634.359
---------------------------------------------------------------------------------
---------------------------------------------------------------------------------
Start Renaming Generated Instances
---------------------------------------------------------------------------------
---------------------------------------------------------------------------------
Finished Renaming Generated Instances : Time (s): cpu = 00:00:13 ; elapsed = 00:00:14 . Memory (MB): peak = 2950.789 ; gain = 634.359
---------------------------------------------------------------------------------
---------------------------------------------------------------------------------
Start Rebuilding User Hierarchy
---------------------------------------------------------------------------------
---------------------------------------------------------------------------------
Finished Rebuilding User Hierarchy : Time (s): cpu = 00:00:13 ; elapsed = 00:00:14 . Memory (MB): peak = 2950.789 ; gain = 634.359
---------------------------------------------------------------------------------
---------------------------------------------------------------------------------
Start Renaming Generated Ports
---------------------------------------------------------------------------------
---------------------------------------------------------------------------------
Finished Renaming Generated Ports : Time (s): cpu = 00:00:13 ; elapsed = 00:00:14 . Memory (MB): peak = 2950.789 ; gain = 634.359
---------------------------------------------------------------------------------
---------------------------------------------------------------------------------
Start Handling Custom Attributes
---------------------------------------------------------------------------------
---------------------------------------------------------------------------------
Finished Handling Custom Attributes : Time (s): cpu = 00:00:13 ; elapsed = 00:00:14 . Memory (MB): peak = 2950.789 ; gain = 634.359
---------------------------------------------------------------------------------
---------------------------------------------------------------------------------
Start Renaming Generated Nets
---------------------------------------------------------------------------------
---------------------------------------------------------------------------------
Finished Renaming Generated Nets : Time (s): cpu = 00:00:13 ; elapsed = 00:00:14 . Memory (MB): peak = 2950.789 ; gain = 634.359
---------------------------------------------------------------------------------
---------------------------------------------------------------------------------
Start Writing Synthesis Report
---------------------------------------------------------------------------------

Report BlackBoxes: 
+-+--------------+----------+
| |BlackBox name |Instances |
+-+--------------+----------+
+-+--------------+----------+

Report Cell Usage: 
+------+-----------+------+
|      |Cell       |Count |
+------+-----------+------+
|1     |BUFG       |     1|
|2     |CARRY4     |    33|
|3     |LUT1       |    65|
|4     |LUT2       |    13|
|5     |LUT3       |    23|
|6     |LUT4       |    57|
|7     |LUT5       |    11|
|8     |LUT6       |    14|
|9     |PLLE2_BASE |     1|
|10    |FDCE       |    22|
|11    |FDPE       |     1|
|12    |FDRE       |    90|
|13    |IBUF       |     4|
|14    |OBUF       |    12|
+------+-----------+------+
---------------------------------------------------------------------------------
Finished Writing Synthesis Report : Time (s): cpu = 00:00:13 ; elapsed = 00:00:14 . Memory (MB): peak = 2950.789 ; gain = 634.359
---------------------------------------------------------------------------------
Synthesis finished with 0 errors, 0 critical warnings and 1 warnings.
Synthesis Optimization Runtime : Time (s): cpu = 00:00:09 ; elapsed = 00:00:13 . Memory (MB): peak = 2950.789 ; gain = 521.656
Synthesis Optimization Complete : Time (s): cpu = 00:00:13 ; elapsed = 00:00:14 . Memory (MB): peak = 2950.789 ; gain = 634.359
INFO: [Project 1-571] Translating synthesized netlist
Netlist sorting complete. Time (s): cpu = 00:00:00 ; elapsed = 00:00:00.001 . Memory (MB): peak = 2950.789 ; gain = 0.000
INFO: [Netlist 29-17] Analyzing 34 Unisim elements for replacement
INFO: [Netlist 29-28] Unisim Transformation completed in 0 CPU seconds
INFO: [Project 1-570] Preparing netlist for logic optimization
INFO: [Opt 31-138] Pushed 0 inverter(s) to 0 load pin(s).
Netlist sorting complete. Time (s): cpu = 00:00:00 ; elapsed = 00:00:00 . Memory (MB): peak = 2950.789 ; gain = 0.000
INFO: [Project 1-111] Unisim Transformation Summary:
  A total of 1 instances were transformed.
  PLLE2_BASE => PLLE2_ADV: 1 instance 

Synth Design complete | Checksum: a7fbb355
INFO: [Common 17-83] Releasing license: Synthesis
59 Infos, 2 Warnings, 0 Critical Warnings and 0 Errors encountered.
synth_design completed successfully
synth_design: Time (s): cpu = 00:00:16 ; elapsed = 00:00:16 . Memory (MB): peak = 2950.789 ; gain = 1014.051
INFO: [Common 17-1381] The checkpoint 'C:/Users/usuario_local/Downloads/DAS_labs/projects/lab3/lab3.runs/synth_1/lab3.dcp' has been generated.
INFO: [runtcl-4] Executing : report_utilization -file lab3_utilization_synth.rpt -pb lab3_utilization_synth.pb
INFO: [Common 17-206] Exiting Vivado at Wed Feb 25 20:26:58 2026...
